Determining if the pthread_create exist failed with the following output:
Change Dir: /home/doudouban/projects/new exp 201812/Calibrtion experiment/img_findPoint_D/build/CMakeFiles/CMakeTmp

Run Build Command:"/usr/bin/make" "cmTC_2943e/fast"
/usr/bin/make -f CMakeFiles/cmTC_2943e.dir/build.make CMakeFiles/cmTC_2943e.dir/build
make[1]: Entering directory '/home/doudouban/projects/new exp 201812/Calibrtion experiment/img_findPoint_D/build/CMakeFiles/CMakeTmp'
Building C object CMakeFiles/cmTC_2943e.dir/CheckSymbolExists.c.o
/usr/bin/cc     -o CMakeFiles/cmTC_2943e.dir/CheckSymbolExists.c.o   -c "/home/doudouban/projects/new exp 201812/Calibrtion experiment/img_findPoint_D/build/CMakeFiles/CMakeTmp/CheckSymbolExists.c"
Linking C executable cmTC_2943e
/usr/bin/cmake -E cmake_link_script CMakeFiles/cmTC_2943e.dir/link.txt --verbose=1
/usr/bin/cc       CMakeFiles/cmTC_2943e.dir/CheckSymbolExists.c.o  -o cmTC_2943e -rdynamic 
CMakeFiles/cmTC_2943e.dir/CheckSymbolExists.c.o：在函数‘main’中：
CheckSymbolExists.c:(.text+0x16)：对‘pthread_create’未定义的引用
collect2: error: ld returned 1 exit status
CMakeFiles/cmTC_2943e.dir/build.make:97: recipe for target 'cmTC_2943e' failed
make[1]: *** [cmTC_2943e] Error 1
make[1]: Leaving directory '/home/doudouban/projects/new exp 201812/Calibrtion experiment/img_findPoint_D/build/CMakeFiles/CMakeTmp'
Makefile:126: recipe for target 'cmTC_2943e/fast' failed
make: *** [cmTC_2943e/fast] Error 2

File /home/doudouban/projects/new exp 201812/Calibrtion experiment/img_findPoint_D/build/CMakeFiles/CMakeTmp/CheckSymbolExists.c:
/* */
#include <pthread.h>

int main(int argc, char** argv)
{
  (void)argv;
#ifndef pthread_create
  return ((int*)(&pthread_create))[argc];
#else
  (void)argc;
  return 0;
#endif
}

Determining if the function pthread_create exists in the pthreads failed with the following output:
Change Dir: /home/doudouban/projects/new exp 201812/Calibrtion experiment/img_findPoint_D/build/CMakeFiles/CMakeTmp

Run Build Command:"/usr/bin/make" "cmTC_939f5/fast"
/usr/bin/make -f CMakeFiles/cmTC_939f5.dir/build.make CMakeFiles/cmTC_939f5.dir/build
make[1]: Entering directory '/home/doudouban/projects/new exp 201812/Calibrtion experiment/img_findPoint_D/build/CMakeFiles/CMakeTmp'
Building C object CMakeFiles/cmTC_939f5.dir/CheckFunctionExists.c.o
/usr/bin/cc    -DCHECK_FUNCTION_EXISTS=pthread_create   -o CMakeFiles/cmTC_939f5.dir/CheckFunctionExists.c.o   -c /usr/share/cmake-3.5/Modules/CheckFunctionExists.c
Linking C executable cmTC_939f5
/usr/bin/cmake -E cmake_link_script CMakeFiles/cmTC_939f5.dir/link.txt --verbose=1
/usr/bin/cc   -DCHECK_FUNCTION_EXISTS=pthread_create    CMakeFiles/cmTC_939f5.dir/CheckFunctionExists.c.o  -o cmTC_939f5 -rdynamic -lpthreads 
/usr/bin/ld: 找不到 -lpthreads
collect2: error: ld returned 1 exit status
CMakeFiles/cmTC_939f5.dir/build.make:97: recipe for target 'cmTC_939f5' failed
make[1]: *** [cmTC_939f5] Error 1
make[1]: Leaving directory '/home/doudouban/projects/new exp 201812/Calibrtion experiment/img_findPoint_D/build/CMakeFiles/CMakeTmp'
Makefile:126: recipe for target 'cmTC_939f5/fast' failed
make: *** [cmTC_939f5/fast] Error 2


